netdevops_n9k01# show version
Cisco Nexus Operating System (NX-OS) Software
TAC support: http://www.cisco.com/tac
Documents: http://www.cisco.com/en/US/products/ps9372/tsd_products_support_series_home.html
Copyright (c) 2002-2020, Cisco Systems, Inc. All rights reserved.
The copyrights to certain works contained herein are owned by
other third parties and are used and distributed under license.
Some parts of this software are covered under the GNU Public
License. A copy of the license is available at
http://www.gnu.org/licenses/gpl.html.

Nexus 9000v is a demo version of the Nexus Operating System

Software
  BIOS: version 
 NXOS: version 9.3(5)
  BIOS compile time:  
  NXOS image file is: bootflash:///nxos.9.3.5.bin
  NXOS compile time:  7/20/2020 20:00:00 [07/21/2020 06:30:11]


Hardware
  cisco Nexus9000 C9300v Chassis 
  Intel(R) Core(TM) i7-7700HQ CPU @ 2.80GHz with 6099336 kB of memory.
  Processor Board ID 9UEC6BO4O8F

  Device name: netdevops_n9k01
  bootflash:    4287040 kB
Kernel uptime is 0 day(s), 0 hour(s), 4 minute(s), 58 second(s)

Last reset 
  Reason: Unknown
  System version: 
  Service: 

plugin
  Core Plugin, Ethernet Plugin

Active Package(s):
        
netdevops_n9k01# 