Nexus 9000v is a demo version of the Nexus Operating System

Software
  BIOS: version
 NXOS: version 9.3(3)
  BIOS compile time:
  NXOS image file is: bootflash:///nxos.9.3.3.bin
  NXOS compile time:  12/22/2019 2:00:00 [12/22/2019 14:00:37]


Hardware
  cisco Nexus9000 C9300v Chassis
  Intel(R) Xeon(R) CPU E5-4669 v4 @ 2.20GHz with 16409068 kB of memory.
  Processor Board ID 9N3KD63KWT0

  Device name: sbx-n9kv-ao
  bootflash:    4287040 kB
Kernel uptime is 0 day(s), 0 hour(s), 18 minute(s), 33 second(s)

Last reset
  Reason: Unknown
  System version:
  Service:

plugin
  Core Plugin, Ethernet Plugin

Active Package(s):
        mtx-openconfig-all-1.0.0.0-9.3.3.lib32_n9000
